{"/home/kaushal/Desktop/foodiefleet/src/Utils/cartSlice.js": {"path":"/home/kaushal/Desktop/foodiefleet/src/Utils/cartSlice.js","statementMap":{"0":{"start":{"line":3,"column":18},"end":{"line":21,"column":2}},"1":{"start":{"line":12,"column":12},"end":{"line":12,"column":45}},"2":{"start":{"line":15,"column":12},"end":{"line":15,"column":29}},"3":{"start":{"line":18,"column":12},"end":{"line":18,"column":29}},"4":{"start":{"line":23,"column":50},"end":{"line":23,"column":67}}},"fnMap":{"0":{"name":"(anonymous_0)","decl":{"start":{"line":11,"column":16},"end":{"line":11,"column":17}},"loc":{"start":{"line":11,"column":32},"end":{"line":13,"column":9}},"line":11},"1":{"name":"(anonymous_1)","decl":{"start":{"line":14,"column":19},"end":{"line":14,"column":20}},"loc":{"start":{"line":14,"column":35},"end":{"line":16,"column":9}},"line":14},"2":{"name":"(anonymous_2)","decl":{"start":{"line":17,"column":18},"end":{"line":17,"column":19}},"loc":{"start":{"line":17,"column":27},"end":{"line":19,"column":9}},"line":17}},"branchMap":{},"s":{"0":2,"1":0,"2":0,"3":0,"4":2},"f":{"0":0,"1":0,"2":0},"b":{},"_coverageSchema":"1a1c01bbd47fc00a2c39e90264f33305004495a9","hash":"44492a31856e1419ae2bd2b73d667584ec53a9c6"}
,"/home/kaushal/Desktop/foodiefleet/src/Utils/helper.js": {"path":"/home/kaushal/Desktop/foodiefleet/src/Utils/helper.js","statementMap":{"0":{"start":{"line":1,"column":24},"end":{"line":6,"column":2}},"1":{"start":{"line":2,"column":17},"end":{"line":4,"column":5}},"2":{"start":{"line":3,"column":7},"end":{"line":3,"column":77}},"3":{"start":{"line":5,"column":4},"end":{"line":5,"column":16}}},"fnMap":{"0":{"name":"(anonymous_0)","decl":{"start":{"line":1,"column":24},"end":{"line":1,"column":25}},"loc":{"start":{"line":1,"column":50},"end":{"line":6,"column":2}},"line":1},"1":{"name":"(anonymous_1)","decl":{"start":{"line":2,"column":36},"end":{"line":2,"column":37}},"loc":{"start":{"line":3,"column":7},"end":{"line":3,"column":77}},"line":3}},"branchMap":{},"s":{"0":1,"1":0,"2":0,"3":0},"f":{"0":0,"1":0},"b":{},"_coverageSchema":"1a1c01bbd47fc00a2c39e90264f33305004495a9","hash":"866f924352d950fef66368dd0490658ca2a594d1"}
,"/home/kaushal/Desktop/foodiefleet/src/Utils/store.js": {"path":"/home/kaushal/Desktop/foodiefleet/src/Utils/store.js","statementMap":{"0":{"start":{"line":5,"column":14},"end":{"line":9,"column":2}}},"fnMap":{},"branchMap":{},"s":{"0":2},"f":{},"b":{},"_coverageSchema":"1a1c01bbd47fc00a2c39e90264f33305004495a9","hash":"76046587caa035c19866963bd97d8e74050ce6bc"}
,"/home/kaushal/Desktop/foodiefleet/src/Utils/useOnline.js": {"path":"/home/kaushal/Desktop/foodiefleet/src/Utils/useOnline.js","statementMap":{"0":{"start":{"line":3,"column":16},"end":{"line":27,"column":1}},"1":{"start":{"line":5,"column":33},"end":{"line":5,"column":47}},"2":{"start":{"line":7,"column":2},"end":{"line":24,"column":9}},"3":{"start":{"line":9,"column":27},"end":{"line":11,"column":8}},"4":{"start":{"line":10,"column":8},"end":{"line":10,"column":25}},"5":{"start":{"line":13,"column":29},"end":{"line":15,"column":8}},"6":{"start":{"line":14,"column":8},"end":{"line":14,"column":26}},"7":{"start":{"line":17,"column":7},"end":{"line":17,"column":53}},"8":{"start":{"line":18,"column":7},"end":{"line":18,"column":55}},"9":{"start":{"line":20,"column":7},"end":{"line":23,"column":8}},"10":{"start":{"line":21,"column":10},"end":{"line":21,"column":59}},"11":{"start":{"line":22,"column":10},"end":{"line":22,"column":61}},"12":{"start":{"line":26,"column":4},"end":{"line":26,"column":20}}},"fnMap":{"0":{"name":"(anonymous_0)","decl":{"start":{"line":3,"column":16},"end":{"line":3,"column":17}},"loc":{"start":{"line":3,"column":20},"end":{"line":27,"column":1}},"line":3},"1":{"name":"(anonymous_1)","decl":{"start":{"line":7,"column":12},"end":{"line":7,"column":13}},"loc":{"start":{"line":7,"column":16},"end":{"line":24,"column":5}},"line":7},"2":{"name":"(anonymous_2)","decl":{"start":{"line":9,"column":27},"end":{"line":9,"column":28}},"loc":{"start":{"line":9,"column":31},"end":{"line":11,"column":8}},"line":9},"3":{"name":"(anonymous_3)","decl":{"start":{"line":13,"column":29},"end":{"line":13,"column":30}},"loc":{"start":{"line":13,"column":33},"end":{"line":15,"column":8}},"line":13},"4":{"name":"(anonymous_4)","decl":{"start":{"line":20,"column":13},"end":{"line":20,"column":14}},"loc":{"start":{"line":20,"column":17},"end":{"line":23,"column":8}},"line":20}},"branchMap":{},"s":{"0":1,"1":5,"2":5,"3":1,"4":0,"5":1,"6":0,"7":1,"8":1,"9":1,"10":1,"11":1,"12":5},"f":{"0":5,"1":1,"2":0,"3":0,"4":1},"b":{},"_coverageSchema":"1a1c01bbd47fc00a2c39e90264f33305004495a9","hash":"3d856b00deb2df9cd1fa99b7ffbbb611a3d7baa6"}
,"/home/kaushal/Desktop/foodiefleet/src/Utils/userContext.js": {"path":"/home/kaushal/Desktop/foodiefleet/src/Utils/userContext.js","statementMap":{"0":{"start":{"line":3,"column":20},"end":{"line":10,"column":1}},"1":{"start":{"line":12,"column":0},"end":{"line":12,"column":39}}},"fnMap":{},"branchMap":{},"s":{"0":2,"1":2},"f":{},"b":{},"_coverageSchema":"1a1c01bbd47fc00a2c39e90264f33305004495a9","hash":"749cf244b4a75f9ce0ca5e4f2c0c42bfd1784d89"}
,"/home/kaushal/Desktop/foodiefleet/src/components/Body.js": {"path":"/home/kaushal/Desktop/foodiefleet/src/components/Body.js","statementMap":{"0":{"start":{"line":11,"column":16},"end":{"line":92,"column":4}},"1":{"start":{"line":13,"column":41},"end":{"line":13,"column":53}},"2":{"start":{"line":14,"column":59},"end":{"line":14,"column":71}},"3":{"start":{"line":15,"column":50},"end":{"line":15,"column":62}},"4":{"start":{"line":16,"column":29},"end":{"line":16,"column":52}},"5":{"start":{"line":18,"column":6},"end":{"line":20,"column":11}},"6":{"start":{"line":19,"column":9},"end":{"line":19,"column":21}},"7":{"start":{"line":23,"column":22},"end":{"line":23,"column":114}},"8":{"start":{"line":24,"column":22},"end":{"line":24,"column":39}},"9":{"start":{"line":25,"column":9},"end":{"line":25,"column":116}},"10":{"start":{"line":26,"column":9},"end":{"line":26,"column":111}},"11":{"start":{"line":29,"column":22},"end":{"line":29,"column":33}},"12":{"start":{"line":31,"column":6},"end":{"line":33,"column":7}},"13":{"start":{"line":32,"column":9},"end":{"line":32,"column":75}},"14":{"start":{"line":36,"column":6},"end":{"line":91,"column":7}},"15":{"start":{"line":45,"column":21},"end":{"line":45,"column":51}},"16":{"start":{"line":50,"column":31},"end":{"line":55,"column":17}},"17":{"start":{"line":61,"column":31},"end":{"line":66,"column":17}},"18":{"start":{"line":74,"column":31},"end":{"line":74,"column":68}},"19":{"start":{"line":75,"column":21},"end":{"line":75,"column":50}},"20":{"start":{"line":83,"column":18},"end":{"line":87,"column":19}}},"fnMap":{"0":{"name":"(anonymous_0)","decl":{"start":{"line":11,"column":16},"end":{"line":11,"column":17}},"loc":{"start":{"line":11,"column":20},"end":{"line":92,"column":4}},"line":11},"1":{"name":"(anonymous_1)","decl":{"start":{"line":18,"column":16},"end":{"line":18,"column":17}},"loc":{"start":{"line":18,"column":20},"end":{"line":20,"column":7}},"line":18},"2":{"name":"fetchData","decl":{"start":{"line":22,"column":21},"end":{"line":22,"column":30}},"loc":{"start":{"line":22,"column":32},"end":{"line":27,"column":7}},"line":22},"3":{"name":"(anonymous_3)","decl":{"start":{"line":44,"column":28},"end":{"line":44,"column":29}},"loc":{"start":{"line":44,"column":33},"end":{"line":46,"column":19}},"line":44},"4":{"name":"(anonymous_4)","decl":{"start":{"line":50,"column":26},"end":{"line":50,"column":27}},"loc":{"start":{"line":50,"column":31},"end":{"line":55,"column":17}},"line":50},"5":{"name":"(anonymous_5)","decl":{"start":{"line":61,"column":26},"end":{"line":61,"column":27}},"loc":{"start":{"line":61,"column":31},"end":{"line":66,"column":17}},"line":61},"6":{"name":"(anonymous_6)","decl":{"start":{"line":73,"column":27},"end":{"line":73,"column":28}},"loc":{"start":{"line":73,"column":31},"end":{"line":76,"column":16}},"line":73},"7":{"name":"(anonymous_7)","decl":{"start":{"line":82,"column":39},"end":{"line":82,"column":40}},"loc":{"start":{"line":82,"column":47},"end":{"line":88,"column":16}},"line":82}},"branchMap":{"0":{"loc":{"start":{"line":31,"column":6},"end":{"line":33,"column":7}},"type":"if","locations":[{"start":{"line":31,"column":6},"end":{"line":33,"column":7}},{"start":{},"end":{}}],"line":31},"1":{"loc":{"start":{"line":36,"column":13},"end":{"line":91,"column":7}},"type":"cond-expr","locations":[{"start":{"line":36,"column":44},"end":{"line":36,"column":54}},{"start":{"line":37,"column":9},"end":{"line":90,"column":12}}],"line":36},"2":{"loc":{"start":{"line":81,"column":16},"end":{"line":88,"column":17}},"type":"cond-expr","locations":[{"start":{"line":81,"column":52},"end":{"line":81,"column":81}},{"start":{"line":82,"column":15},"end":{"line":88,"column":17}}],"line":81}},"s":{"0":1,"1":6,"2":5,"3":5,"4":5,"5":5,"6":1,"7":1,"8":1,"9":1,"10":1,"11":5,"12":5,"13":0,"14":5,"15":0,"16":0,"17":0,"18":0,"19":0,"20":0},"f":{"0":6,"1":1,"2":1,"3":0,"4":0,"5":0,"6":0,"7":0},"b":{"0":[0,5],"1":[1,0],"2":[0,0]},"_coverageSchema":"1a1c01bbd47fc00a2c39e90264f33305004495a9","hash":"82bd770267460788bc6630d1186f6c9a948121b9"}
,"/home/kaushal/Desktop/foodiefleet/src/components/Navbar.js": {"path":"/home/kaushal/Desktop/foodiefleet/src/components/Navbar.js","statementMap":{"0":{"start":{"line":8,"column":15},"end":{"line":36,"column":1}},"1":{"start":{"line":9,"column":17},"end":{"line":9,"column":40}},"2":{"start":{"line":10,"column":20},"end":{"line":10,"column":56}},"3":{"start":{"line":10,"column":39},"end":{"line":10,"column":55}},"4":{"start":{"line":11,"column":4},"end":{"line":35,"column":5}}},"fnMap":{"0":{"name":"(anonymous_0)","decl":{"start":{"line":8,"column":15},"end":{"line":8,"column":16}},"loc":{"start":{"line":8,"column":19},"end":{"line":36,"column":1}},"line":8},"1":{"name":"(anonymous_1)","decl":{"start":{"line":10,"column":32},"end":{"line":10,"column":33}},"loc":{"start":{"line":10,"column":39},"end":{"line":10,"column":55}},"line":10}},"branchMap":{},"s":{"0":1,"1":2,"2":2,"3":4,"4":2},"f":{"0":2,"1":4},"b":{},"_coverageSchema":"1a1c01bbd47fc00a2c39e90264f33305004495a9","hash":"0318dbbfcb468fa4df53a443ba95240cf0a1d153"}
,"/home/kaushal/Desktop/foodiefleet/src/components/RestaurantCard.js": {"path":"/home/kaushal/Desktop/foodiefleet/src/components/RestaurantCard.js","statementMap":{"0":{"start":{"line":4,"column":23},"end":{"line":17,"column":1}},"1":{"start":{"line":7,"column":4},"end":{"line":16,"column":5}}},"fnMap":{"0":{"name":"(anonymous_0)","decl":{"start":{"line":4,"column":23},"end":{"line":4,"column":24}},"loc":{"start":{"line":4,"column":69},"end":{"line":17,"column":1}},"line":4}},"branchMap":{},"s":{"0":1,"1":0},"f":{"0":0},"b":{},"_coverageSchema":"1a1c01bbd47fc00a2c39e90264f33305004495a9","hash":"285b5271fcb474fbd0afe50849d8a2bb26d87d36"}
,"/home/kaushal/Desktop/foodiefleet/src/components/Shimmer.js": {"path":"/home/kaushal/Desktop/foodiefleet/src/components/Shimmer.js","statementMap":{"0":{"start":{"line":4,"column":2},"end":{"line":12,"column":3}},"1":{"start":{"line":8,"column":16},"end":{"line":8,"column":65}}},"fnMap":{"0":{"name":"Shimmer","decl":{"start":{"line":3,"column":9},"end":{"line":3,"column":16}},"loc":{"start":{"line":3,"column":19},"end":{"line":13,"column":1}},"line":3},"1":{"name":"(anonymous_1)","decl":{"start":{"line":7,"column":36},"end":{"line":7,"column":37}},"loc":{"start":{"line":8,"column":16},"end":{"line":8,"column":65}},"line":8}},"branchMap":{},"s":{"0":1,"1":10},"f":{"0":1,"1":10},"b":{},"_coverageSchema":"1a1c01bbd47fc00a2c39e90264f33305004495a9","hash":"d9c33aab69931b090f429808670dc982c8feb8ac"}
,"/home/kaushal/Desktop/foodiefleet/src/mocks/data.js": {"path":"/home/kaushal/Desktop/foodiefleet/src/mocks/data.js","statementMap":{"0":{"start":{"line":1,"column":29},"end":{"line":484,"column":2}}},"fnMap":{},"branchMap":{},"s":{"0":1},"f":{},"b":{},"_coverageSchema":"1a1c01bbd47fc00a2c39e90264f33305004495a9","hash":"77a1b60ae26dbada239827306d27a761c9d3bf19"}
}
