TN:
SF:src/Utils/cartSlice.js
FN:11,(anonymous_0)
FN:14,(anonymous_1)
FN:17,(anonymous_2)
FNF:3
FNH:0
FNDA:0,(anonymous_0)
FNDA:0,(anonymous_1)
FNDA:0,(anonymous_2)
DA:3,2
DA:12,0
DA:15,0
DA:18,0
DA:23,2
LF:5
LH:2
BRF:0
BRH:0
end_of_record
TN:
SF:src/Utils/helper.js
FN:1,(anonymous_0)
FN:2,(anonymous_1)
FNF:2
FNH:0
FNDA:0,(anonymous_0)
FNDA:0,(anonymous_1)
DA:1,1
DA:2,0
DA:3,0
DA:5,0
LF:4
LH:1
BRF:0
BRH:0
end_of_record
TN:
SF:src/Utils/store.js
FNF:0
FNH:0
DA:5,2
LF:1
LH:1
BRF:0
BRH:0
end_of_record
TN:
SF:src/Utils/useOnline.js
FN:3,(anonymous_0)
FN:7,(anonymous_1)
FN:9,(anonymous_2)
FN:13,(anonymous_3)
FN:20,(anonymous_4)
FNF:5
FNH:3
FNDA:5,(anonymous_0)
FNDA:1,(anonymous_1)
FNDA:0,(anonymous_2)
FNDA:0,(anonymous_3)
FNDA:1,(anonymous_4)
DA:3,1
DA:5,5
DA:7,5
DA:9,1
DA:10,0
DA:13,1
DA:14,0
DA:17,1
DA:18,1
DA:20,1
DA:21,1
DA:22,1
DA:26,5
LF:13
LH:11
BRF:0
BRH:0
end_of_record
TN:
SF:src/Utils/userContext.js
FNF:0
FNH:0
DA:3,2
DA:12,2
LF:2
LH:2
BRF:0
BRH:0
end_of_record
TN:
SF:src/components/Body.js
FN:11,(anonymous_0)
FN:18,(anonymous_1)
FN:22,fetchData
FN:44,(anonymous_3)
FN:50,(anonymous_4)
FN:61,(anonymous_5)
FN:73,(anonymous_6)
FN:82,(anonymous_7)
FNF:8
FNH:3
FNDA:6,(anonymous_0)
FNDA:1,(anonymous_1)
FNDA:1,fetchData
FNDA:0,(anonymous_3)
FNDA:0,(anonymous_4)
FNDA:0,(anonymous_5)
FNDA:0,(anonymous_6)
FNDA:0,(anonymous_7)
DA:11,1
DA:13,6
DA:14,5
DA:15,5
DA:16,5
DA:18,5
DA:19,1
DA:23,1
DA:24,1
DA:25,1
DA:26,1
DA:29,5
DA:31,5
DA:32,0
DA:36,5
DA:45,0
DA:50,0
DA:61,0
DA:74,0
DA:75,0
DA:83,0
LF:21
LH:14
BRDA:31,0,0,0
BRDA:31,0,1,5
BRDA:36,1,0,1
BRDA:36,1,1,0
BRDA:81,2,0,0
BRDA:81,2,1,0
BRF:6
BRH:2
end_of_record
TN:
SF:src/components/Navbar.js
FN:8,(anonymous_0)
FN:10,(anonymous_1)
FNF:2
FNH:2
FNDA:2,(anonymous_0)
FNDA:4,(anonymous_1)
DA:8,1
DA:9,2
DA:10,4
DA:11,2
LF:4
LH:4
BRF:0
BRH:0
end_of_record
TN:
SF:src/components/RestaurantCard.js
FN:4,(anonymous_0)
FNF:1
FNH:0
FNDA:0,(anonymous_0)
DA:4,1
DA:7,0
LF:2
LH:1
BRF:0
BRH:0
end_of_record
TN:
SF:src/components/Shimmer.js
FN:3,Shimmer
FN:7,(anonymous_1)
FNF:2
FNH:2
FNDA:1,Shimmer
FNDA:10,(anonymous_1)
DA:4,1
DA:8,10
LF:2
LH:2
BRF:0
BRH:0
end_of_record
TN:
SF:src/mocks/data.js
FNF:0
FNH:0
DA:1,1
LF:1
LH:1
BRF:0
BRH:0
end_of_record
